[07Nov2025 20:49:13.971] [main/INFO] [cpw.mods.modlauncher.Launcher/MODLAUNCHER]: ModLauncher running: args [--launchTarget, forgeclientdev, --version, 21.1.211, --assetIndex, 17, --assetsDir, /Users/fengyue.john.zhu/.gradle/caches/neoformruntime/assets, --gameDir, ., --fml.fmlVersion, 4.0.42, --fml.mcVersion, 1.21.1, --fml.neoForgeVersion, 21.1.211, --fml.neoFormVersion, 20240808.144430]
[07Nov2025 20:49:13.973] [main/INFO] [cpw.mods.modlauncher.Launcher/MODLAUNCHER]: JVM identified as Oracle Corporation Java HotSpot(TM) 64-Bit Server VM 21.0.8+12-LTS-250
[07Nov2025 20:49:13.974] [main/INFO] [cpw.mods.modlauncher.Launcher/MODLAUNCHER]: ModLauncher 11.0.5+main.901c6ea8 starting: java version 21.0.8 by Oracle Corporation; OS Mac OS X arch aarch64 version 15.6.1
[07Nov2025 20:49:14.042] [main/INFO] [net.neoforged.fml.loading.ImmediateWindowHandler/]: Loading ImmediateWindowProvider fmlearlywindow
[07Nov2025 20:49:14.197] [main/INFO] [EARLYDISPLAY/]: Trying GL version 4.6
[07Nov2025 20:49:14.244] [main/INFO] [EARLYDISPLAY/]: Trying GL version 4.5
[07Nov2025 20:49:14.255] [main/INFO] [EARLYDISPLAY/]: Trying GL version 4.4
[07Nov2025 20:49:14.261] [main/INFO] [EARLYDISPLAY/]: Trying GL version 4.3
[07Nov2025 20:49:14.267] [main/INFO] [EARLYDISPLAY/]: Trying GL version 4.2
[07Nov2025 20:49:14.273] [main/INFO] [EARLYDISPLAY/]: Trying GL version 4.1
[07Nov2025 20:49:14.290] [main/INFO] [EARLYDISPLAY/]: Requested GL version 4.1 got version 4.1
[07Nov2025 20:49:14.480] [main/INFO] [mixin/]: SpongePowered MIXIN Subsystem Version=0.8.7 Source=union:/Users/fengyue.john.zhu/.gradle/caches/modules-2/files-2.1/net.fabricmc/sponge-mixin/0.15.2+mixin.0.8.7/2af2f021d8e02a0220dc27a7a72b4666d66d44ca/sponge-mixin-0.15.2+mixin.0.8.7.jar%23132!/ Service=ModLauncher Env=CLIENT
[07Nov2025 20:49:14.578] [pool-2-thread-1/INFO] [EARLYDISPLAY/]: GL info: Apple M1 Pro GL version 4.1 Metal - 89.4, Apple
[07Nov2025 20:49:14.638] [main/INFO] [net.neoforged.fml.loading.moddiscovery.locators.JarInJarDependencyLocator/]: Found 2 dependencies adding them to mods collection
[07Nov2025 20:49:14.639] [main/INFO] [net.neoforged.fml.loading.moddiscovery.ModDiscoverer/]: 
     Mod List:
		Name Version (Mod Id)

		central_heater 1.0-SNAPSHOT (central_heater)
		Minecraft 1.21.1 (minecraft)
		NeoForge 21.1.211 (neoforge)
[07Nov2025 20:49:14.955] [main/INFO] [mixin/]: Compatibility level set to JAVA_21
[07Nov2025 20:49:14.959] [main/INFO] [cpw.mods.modlauncher.LaunchServiceHandler/MODLAUNCHER]: Launching target 'forgeclientdev' with arguments [--version, 21.1.211, --gameDir, ., --assetsDir, /Users/fengyue.john.zhu/.gradle/caches/neoformruntime/assets, --assetIndex, 17]
[07Nov2025 20:49:15.825] [Datafixer Bootstrap/INFO] [com.mojang.datafixers.DataFixerBuilder/]: 229 Datafixer optimizations took 181 milliseconds
[07Nov2025 20:49:16.279] [pool-7-thread-1/INFO] [MixinExtras|Service/]: Initializing MixinExtras via com.llamalad7.mixinextras.service.MixinExtrasServiceImpl(version=0.5.0).
[07Nov2025 20:49:19.616] [main/WARN] [net.minecraft.commands.Commands/]: Ambiguity between arguments [teleport, location] and [teleport, destination] with inputs: [0.1 -0.5 .9, 0 0 0]
[07Nov2025 20:49:19.617] [main/WARN] [net.minecraft.commands.Commands/]: Ambiguity between arguments [teleport, location] and [teleport, targets] with inputs: [0.1 -0.5 .9, 0 0 0]
[07Nov2025 20:49:19.619] [main/WARN] [net.minecraft.commands.Commands/]: Ambiguity between arguments [teleport, destination] and [teleport, targets] with inputs: [Player, 0123, @e, dd12be42-52a9-4a91-a8a1-11c01849e498]
[07Nov2025 20:49:19.620] [main/WARN] [net.minecraft.commands.Commands/]: Ambiguity between arguments [teleport, targets] and [teleport, destination] with inputs: [Player, 0123, dd12be42-52a9-4a91-a8a1-11c01849e498]
[07Nov2025 20:49:19.621] [main/WARN] [net.minecraft.commands.Commands/]: Ambiguity between arguments [teleport, targets, location] and [teleport, targets, destination] with inputs: [0.1 -0.5 .9, 0 0 0]
[07Nov2025 20:49:19.689] [Render thread/WARN] [net.minecraft.server.packs.VanillaPackResourcesBuilder/]: Assets URL 'union:/Users/fengyue.john.zhu/Documents/central_heater/build/moddev/artifacts/neoforge-21.1.211.jar%23184!/assets/.mcassetsroot' uses unexpected schema
[07Nov2025 20:49:19.689] [Render thread/WARN] [net.minecraft.server.packs.VanillaPackResourcesBuilder/]: Assets URL 'union:/Users/fengyue.john.zhu/Documents/central_heater/build/moddev/artifacts/neoforge-21.1.211.jar%23184!/data/.mcassetsroot' uses unexpected schema
[07Nov2025 20:49:19.702] [Render thread/INFO] [com.mojang.authlib.yggdrasil.YggdrasilAuthenticationService/]: Environment: Environment[sessionHost=https://sessionserver.mojang.com, servicesHost=https://api.minecraftservices.com, name=PROD]
[07Nov2025 20:49:19.707] [Render thread/INFO] [net.minecraft.client.Minecraft/]: Setting user: Dev
[07Nov2025 20:49:19.756] [Render thread/INFO] [net.minecraft.client.Minecraft/]: Backend library: LWJGL version 3.3.3+5
[07Nov2025 20:49:20.043] [modloading-worker-0/INFO] [net.neoforged.neoforge.common.NeoForgeMod/NEOFORGE-MOD]: NeoForge mod loading, version 21.1.211, for MC 1.21.1
[07Nov2025 20:49:20.538] [Render thread/INFO] [net.neoforged.neoforge.gametest.GameTestHooks/]: Enabled Gametest Namespaces: [central_heater]
[07Nov2025 20:49:20.698] [Render thread/INFO] [net.minecraft.server.packs.resources.ReloadableResourceManager/]: Reloading ResourceManager: vanilla, mod_resources, mod/central_heater, mod/neoforge
[07Nov2025 20:49:20.766] [Worker-Main-4/INFO] [net.minecraft.client.gui.font.providers.UnihexProvider/]: Found unifont_all_no_pua-15.1.05.hex, loading
[07Nov2025 20:49:20.821] [Worker-Main-2/ERROR] [net.minecraft.client.renderer.texture.atlas.SpriteResourceLoader/]: Image central_heater:block/blast_overheater_front_on size 20,24 is not multiple of frame size 20,20
[07Nov2025 20:49:20.839] [Worker-Main-5/INFO] [net.minecraft.client.gui.font.providers.UnihexProvider/]: Found unifont_jp_patch-15.1.05.hex, loading
[07Nov2025 20:49:20.888] [Worker-Main-2/WARN] [net.minecraft.client.renderer.texture.SpriteLoader/]: Texture central_heater:block/blast_overheater_side with size 20x12 limits mip level from 4 to 2
[07Nov2025 20:49:21.735] [Worker-Main-1/WARN] [net.minecraft.client.resources.model.ModelManager/]: Missing textures in model central_heater:blast_overheater#facing=west,lit=true:
    minecraft:textures/atlas/blocks.png:central_heater:block/blast_overheater_front_on
[07Nov2025 20:49:21.735] [Worker-Main-1/WARN] [net.minecraft.client.resources.model.ModelManager/]: Missing textures in model central_heater:blast_overheater#facing=north,lit=true:
    minecraft:textures/atlas/blocks.png:central_heater:block/blast_overheater_front_on
[07Nov2025 20:49:21.735] [Worker-Main-1/WARN] [net.minecraft.client.resources.model.ModelManager/]: Missing textures in model central_heater:blast_overheater#facing=east,lit=true:
    minecraft:textures/atlas/blocks.png:central_heater:block/blast_overheater_front_on
[07Nov2025 20:49:21.735] [Worker-Main-1/WARN] [net.minecraft.client.resources.model.ModelManager/]: Missing textures in model central_heater:blast_overheater#facing=south,lit=true:
    minecraft:textures/atlas/blocks.png:central_heater:block/blast_overheater_front_on
[07Nov2025 20:49:21.917] [Render thread/WARN] [net.minecraft.client.sounds.SoundEngine/]: Missing sound for event: minecraft:item.goat_horn.play
[07Nov2025 20:49:21.917] [Render thread/WARN] [net.minecraft.client.sounds.SoundEngine/]: Missing sound for event: minecraft:entity.goat.screaming.horn_break
[07Nov2025 20:49:22.018] [Render thread/INFO] [com.mojang.blaze3d.audio.Library/]: OpenAL initialized on device MacBook Pro Speakers
[07Nov2025 20:49:22.021] [Render thread/INFO] [net.minecraft.client.sounds.SoundEngine/SOUNDS]: Sound engine started
[07Nov2025 20:49:22.126] [Render thread/INFO] [net.minecraft.client.renderer.texture.TextureAtlas/]: Created: 1024x512x4 minecraft:textures/atlas/blocks.png-atlas
[07Nov2025 20:49:22.136] [Render thread/INFO] [net.minecraft.client.renderer.texture.TextureAtlas/]: Created: 256x256x4 minecraft:textures/atlas/signs.png-atlas
[07Nov2025 20:49:22.137] [Render thread/INFO] [net.minecraft.client.renderer.texture.TextureAtlas/]: Created: 512x512x4 minecraft:textures/atlas/shield_patterns.png-atlas
[07Nov2025 20:49:22.137] [Render thread/INFO] [net.minecraft.client.renderer.texture.TextureAtlas/]: Created: 512x512x4 minecraft:textures/atlas/banner_patterns.png-atlas
[07Nov2025 20:49:22.138] [Render thread/INFO] [net.minecraft.client.renderer.texture.TextureAtlas/]: Created: 1024x1024x4 minecraft:textures/atlas/armor_trims.png-atlas
[07Nov2025 20:49:22.142] [Render thread/INFO] [net.minecraft.client.renderer.texture.TextureAtlas/]: Created: 256x256x4 minecraft:textures/atlas/chest.png-atlas
[07Nov2025 20:49:22.143] [Render thread/INFO] [net.minecraft.client.renderer.texture.TextureAtlas/]: Created: 128x64x4 minecraft:textures/atlas/decorated_pot.png-atlas
[07Nov2025 20:49:22.143] [Render thread/INFO] [net.minecraft.client.renderer.texture.TextureAtlas/]: Created: 512x256x4 minecraft:textures/atlas/beds.png-atlas
[07Nov2025 20:49:22.143] [Render thread/INFO] [net.minecraft.client.renderer.texture.TextureAtlas/]: Created: 512x256x4 minecraft:textures/atlas/shulker_boxes.png-atlas
[07Nov2025 20:49:22.237] [Render thread/INFO] [net.minecraft.client.renderer.texture.TextureAtlas/]: Created: 512x256x0 minecraft:textures/atlas/particles.png-atlas
[07Nov2025 20:49:22.238] [Render thread/INFO] [net.minecraft.client.renderer.texture.TextureAtlas/]: Created: 512x256x0 minecraft:textures/atlas/paintings.png-atlas
[07Nov2025 20:49:22.238] [Render thread/INFO] [net.minecraft.client.renderer.texture.TextureAtlas/]: Created: 256x128x0 minecraft:textures/atlas/mob_effects.png-atlas
[07Nov2025 20:49:22.238] [Render thread/INFO] [net.minecraft.client.renderer.texture.TextureAtlas/]: Created: 64x64x0 minecraft:textures/atlas/map_decorations.png-atlas
[07Nov2025 20:49:22.238] [Render thread/INFO] [net.minecraft.client.renderer.texture.TextureAtlas/]: Created: 1024x512x0 minecraft:textures/atlas/gui.png-atlas
[07Nov2025 20:49:22.282] [Render thread/WARN] [net.minecraft.client.renderer.ShaderInstance/]: Shader rendertype_entity_translucent_emissive could not find sampler named Sampler2 in the specified shader program.
[07Nov2025 20:49:22.356] [Render thread/INFO] [net.neoforged.neoforge.client.entity.animation.json.AnimationLoader/]: Loaded 0 entity animations
[07Nov2025 20:49:54.125] [Render thread/INFO] [net.minecraft.world.item.crafting.RecipeManager/]: Loaded 1291 recipes
[07Nov2025 20:49:54.229] [Render thread/INFO] [net.minecraft.advancements.AdvancementTree/]: Loaded 1399 advancements
[07Nov2025 20:49:54.576] [Server thread/INFO] [net.minecraft.client.server.IntegratedServer/]: Starting integrated minecraft server version 1.21.1
[07Nov2025 20:49:54.576] [Server thread/INFO] [net.minecraft.server.MinecraftServer/]: Generating keypair
[07Nov2025 20:49:55.438] [Server thread/INFO] [net.minecraft.server.MinecraftServer/]: Preparing start region for dimension minecraft:overworld
[07Nov2025 20:49:55.606] [progressListener/INFO] [net.minecraft.server.level.progress.LoggerChunkProgressListener/]: Preparing spawn area: 0%
[07Nov2025 20:49:55.675] [Server thread/INFO] [net.neoforged.neoforge.server.permission.PermissionAPI/]: Successfully initialized permission handler neoforge:default_handler
[07Nov2025 20:49:55.681] [progressListener/INFO] [net.minecraft.server.level.progress.LoggerChunkProgressListener/]: Time elapsed: 230 ms
[07Nov2025 20:49:55.729] [Server thread/INFO] [net.minecraft.client.server.IntegratedServer/]: Changing view distance to 12, from 10
[07Nov2025 20:49:55.730] [Server thread/INFO] [net.minecraft.client.server.IntegratedServer/]: Changing simulation distance to 12, from 0
[07Nov2025 20:49:56.077] [Server thread/INFO] [net.minecraft.server.players.PlayerList/]: Dev[local:E:be1091e4] logged in with entity id 57 at (40.679037719842746, 121.0, 3.561326880636288)
[07Nov2025 20:49:56.110] [Server thread/INFO] [net.minecraft.server.MinecraftServer/]: Dev joined the game
[07Nov2025 20:49:56.176] [Render thread/WARN] [net.minecraft.client.ClientRecipeBook/]: Unknown recipe category: central_heater:seething/central_heater:soul_sand_from_seething
[07Nov2025 20:49:56.189] [Render thread/INFO] [net.minecraft.advancements.AdvancementTree/]: Loaded 16 advancements
[07Nov2025 20:49:58.729] [Server thread/INFO] [net.minecraft.client.server.IntegratedServer/]: Saving and pausing game...
[07Nov2025 20:49:58.740] [Server thread/INFO] [net.minecraft.server.MinecraftServer/]: Saving chunks for level 'ServerLevel[New World]'/minecraft:overworld
[07Nov2025 20:49:58.825] [Server thread/INFO] [net.minecraft.server.MinecraftServer/]: Saving chunks for level 'ServerLevel[New World]'/minecraft:the_end
[07Nov2025 20:49:58.825] [Server thread/INFO] [net.minecraft.server.MinecraftServer/]: Saving chunks for level 'ServerLevel[New World]'/minecraft:the_nether
[07Nov2025 20:50:16.776] [Server thread/INFO] [net.minecraft.client.server.IntegratedServer/]: Saving and pausing game...
[07Nov2025 20:50:16.781] [Server thread/INFO] [net.minecraft.server.MinecraftServer/]: Saving chunks for level 'ServerLevel[New World]'/minecraft:overworld
[07Nov2025 20:50:16.788] [Server thread/INFO] [net.minecraft.server.MinecraftServer/]: Saving chunks for level 'ServerLevel[New World]'/minecraft:the_end
[07Nov2025 20:50:16.788] [Server thread/INFO] [net.minecraft.server.MinecraftServer/]: Saving chunks for level 'ServerLevel[New World]'/minecraft:the_nether
